<?xml version="1.0" encoding="UTF-8"?>
<testng-results ignored="0" total="1" passed="1" failed="0" skipped="0">
  <reporter-output>
  </reporter-output>
  <suite started-at="2025-02-21T00:15:13 IST" name="Default suite" finished-at="2025-02-21T00:15:30 IST" duration-ms="17364">
    <groups>
    </groups>
    <test started-at="2025-02-21T00:15:13 IST" name="Default test" finished-at="2025-02-21T00:15:30 IST" duration-ms="17364">
      <class name="testcase.TC_001_AccountPage">
        <test-method is-config="true" signature="precondition()[pri:0, instance:testcase.TC_001_AccountPage@4f80542f]" started-at="2025-02-21T00:15:13 IST" name="precondition" finished-at="2025-02-21T00:15:22 IST" duration-ms="9211" status="PASS">
          <reporter-output>
          </reporter-output>
        </test-method> <!-- precondition -->
        <test-method signature="runLogin()[pri:0, instance:testcase.TC_001_AccountPage@4f80542f]" started-at="2025-02-21T00:15:22 IST" name="runLogin" finished-at="2025-02-21T00:15:30 IST" duration-ms="8101" status="PASS">
          <reporter-output>
          </reporter-output>
        </test-method> <!-- runLogin -->
        <test-method is-config="true" signature="postcondition()[pri:0, instance:testcase.TC_001_AccountPage@4f80542f]" started-at="2025-02-21T00:15:30 IST" name="postcondition" finished-at="2025-02-21T00:15:30 IST" duration-ms="3" status="PASS">
          <reporter-output>
          </reporter-output>
        </test-method> <!-- postcondition -->
      </class> <!-- testcase.TC_001_AccountPage -->
    </test> <!-- Default test -->
  </suite> <!-- Default suite -->
</testng-results>
